<?xml version="1.0" encoding="UTF-8"?>
<!-- Generated by org.testng.reporters.JUnitXMLReporter -->
<testsuite ignored="0" hostname="DESKTOP-OA3ENQ8" failures="0" tests="5" name="Command line test" time="54.811" errors="0" timestamp="2021-04-27T15:10:00 ICT">
  <testcase classname="com.selenium.ecercise.Bai3" name="basic" time="3.115"/>
  <testcase classname="com.selenium.ecercise.Bai4" name="getDataFromExcel" time="1.968"/>
  <testcase classname="com.selenium.ecercise.Bai5" name="dragAndDrop" time="5.16"/>
  <testcase classname="com.selenium.testflow.Bai3" name="f" time="5.632"/>
  <testcase classname="com.selenium.testflow.Bai4" name="f" time="21.49"/>
</testsuite> <!-- Command line test -->
