<?xml version="1.0" encoding="UTF-8" ?>
<testsuite tests="5" failures="0" name="TestSuite" time="37.368" errors="0" skipped="0">
  <properties>
[...]
</properties>
  <testcase classname="com.selenium.ecercise.Bai3" name="basic" time="3.117"/>
  <testcase classname="com.selenium.ecercise.Bai4" name="getDataFromExcel" time="1.967"/>
  <testcase classname="com.selenium.ecercise.Bai5" name="dragAndDrop" time="5.16"/>
  <testcase classname="com.selenium.testflow.Bai3" name="f" time="5.632"/>
  <testcase classname="com.selenium.testflow.Bai4" name="f" time="21.492"/>
</testsuite>